<?xml version="1.0" encoding="UTF-8"?>
<!-- Generated by org.testng.reporters.JUnitReportReporter -->
<testsuite hostname="egzamin5" name="automation.Appium" tests="2" failures="0" timestamp="24 Jun 2016 13:19:57 GMT" time="27.472" errors="0">
  <testcase name="addSpeakerToFavourite" time="10.870" classname="automation.Appium"/>
  <testcase name="facebookButtonClick" time="16.602" classname="automation.Appium"/>
</testsuite> <!-- automation.Appium -->
