<?xml version="1.0" encoding="UTF-8"?>
<!-- Generated by org.testng.reporters.JUnitReportReporter -->
<testsuite hostname="egzamin5" name="automation.Appium" tests="2" failures="0" timestamp="24 Jun 2016 12:09:14 GMT" time="24.378" errors="0">
  <testcase name="addSpeakerToFavourite" time="12.475" classname="automation.Appium"/>
  <testcase name="newsReadArticle" time="11.903" classname="automation.Appium"/>
</testsuite> <!-- automation.Appium -->
