<?xml version="1.0" encoding="UTF-8"?>
<!-- Generated by org.testng.reporters.JUnitReportReporter -->
<testsuite hostname="egzamin5" name="automation.Appium" tests="1" failures="0" timestamp="24 Jun 2016 13:33:47 GMT" time="11.919" errors="0">
  <testcase name="menuLogoClick" time="11.919" classname="automation.Appium"/>
</testsuite> <!-- automation.Appium -->
